22.05.2025	14.14.27	15b4ce98-574e-4cb2-bdad-e37353708a75	POST	/logout	http://localhost:5173	200
22.05.2025	14.14.57	dc9e9ea8-d732-42f2-af21-0c3b0cc0d9e0	POST	/login	http://localhost:5173	200
22.05.2025	14.14.57	16e68856-dd8d-4181-81d4-b5f3d4d7090a	GET	/	http://localhost:5173	200
22.05.2025	14.14.57	d09ec815-206a-4311-a454-cc5c6ff2bae6	GET	/	http://localhost:5173	200
22.05.2025	14.15.02	22e85ac9-cb5f-4dec-ba6b-85f7fa5e2f23	GET	/open-projects-with-bids	http://localhost:5173	200
22.05.2025	14.15.31	56d99321-b2b9-4840-b590-1fe5616651bd	PUT	/6818d1a967fc5f02558a36c5/read	http://localhost:5173	200
22.05.2025	14.15.31	4e675731-5476-48dd-ae9a-08e0a16c758e	PUT	/6818d1a967fc5f02558a36c5/read	http://localhost:5173	200
22.05.2025	14.15.34	5f89ff13-98c5-4b0e-9520-042d36f4396a	GET	/	http://localhost:5173	200
22.05.2025	14.16.08	a7ccf462-2f66-4d5c-a825-b08089f9c81e	POST	/logout	http://localhost:5173	200
22.05.2025	14.16.14	eadf8532-1570-471c-a23d-aca142367d49	POST	/login	http://localhost:5173	200
22.05.2025	14.16.18	1dc26d0b-b2cf-46ba-a801-f86dba228b0b	GET	/dashboard	http://localhost:5173	200
23.05.2025	17.45.57	efc362d5-fc5f-4479-81ed-d7e75eea13d8	POST	/login	http://localhost:5173	200
23.05.2025	17.45.58	c7e3f52e-ec3f-47d8-982b-05445ea1f03b	GET	/	http://localhost:5173	200
23.05.2025	17.45.58	517d16c9-6214-4a38-9205-dcd21c373a9a	GET	/	http://localhost:5173	200
23.05.2025	18.01.37	55eaefd3-139e-4440-9698-29e867326558	POST	/portfolio	http://localhost:5173	200
23.05.2025	18.01.38	6bd5a125-de34-46f9-b2d6-7e533de5df44	GET	/	http://localhost:5173	200
23.05.2025	18.01.39	511b9ffc-9bd6-4499-871f-f094a1e62a33	GET	/1748012497295-PELIN-CINAR-CV%20(4).pdf	undefined	200
23.05.2025	18.23.12	ff083c54-6144-471e-8808-411842eaaef1	POST	/login	http://localhost:5173	200
23.05.2025	18.23.13	08deb777-2097-430b-ac2b-49047c325323	GET	/	http://localhost:5173	200
23.05.2025	18.27.51	eb78052f-8456-4a58-b216-293192924008	DELETE	/portfolio/1748012497295-PELIN-CINAR-CV%20(4).pdf	http://localhost:5173	200
23.05.2025	18.27.51	7f1704be-a65e-4010-850d-4cf7e6b07bb8	GET	/	http://localhost:5173	200
23.05.2025	18.28.49	c156e173-b8ad-4eac-b4db-08d718f1557a	DELETE	/portfolio/1746542114262-1743790916328-PELIN-CINAR-CV.pdf	http://localhost:5173	200
23.05.2025	18.28.49	92dd075a-21e5-4b86-b92d-b3b97a23cb04	GET	/	http://localhost:5173	200
23.05.2025	18.30.19	ffe93268-1f04-4f6e-873d-670c63eb0c24	DELETE	/portfolio/1744022541421-PELIN-CINAR-CV.pdf	http://localhost:5173	200
23.05.2025	18.30.19	da9a3834-d8ef-411e-b7cb-dd03646f8f78	GET	/	http://localhost:5173	200
23.05.2025	18.30.22	e5167ec0-836f-41a4-bfa9-00b118082cc6	DELETE	/portfolio/1746538336551-1743790916328-PELIN-CINAR-CV.pdf	http://localhost:5173	200
23.05.2025	18.30.22	e12d0416-475b-431b-af3a-a50591141a4d	GET	/	http://localhost:5173	200
23.05.2025	18.30.28	104bfdc1-a819-4c34-bdad-62941185b8c6	POST	/portfolio	http://localhost:5173	200
23.05.2025	18.30.28	392a3fe2-f1a1-41d7-ac4d-a0f3fdf0bb3d	GET	/	http://localhost:5173	200
23.05.2025	18.30.30	e696b14d-0156-4c33-9acd-0e0b1765ee5d	GET	/1748014228146-PELIN-CINARCV%20(2).pdf	undefined	200
23.05.2025	18.34.01	583bddd2-0ef4-4fc2-bb6c-1c3e77e697be	POST	/login	http://localhost:5173	200
23.05.2025	18.34.01	baa13d10-ec05-4b1e-9faf-d2147c7053c5	GET	/	http://localhost:5173	200
23.05.2025	18.34.01	77734a63-4516-4fc7-a547-87cf8570a2d1	GET	/	http://localhost:5173	200
23.05.2025	18.34.03	33e40c52-1672-4334-a37e-d7ecd39eba37	GET	/	http://localhost:5173	200
23.05.2025	18.34.03	89262132-7fcc-4560-8a9a-fb01198f8a07	GET	/	http://localhost:5173	200
23.05.2025	18.34.52	adc989d1-de9d-438c-870a-b954ea3145c4	GET	/	http://localhost:5173	200
23.05.2025	18.34.52	cc0a61ca-4fbf-4791-bf26-fe4f4cc2937b	GET	/	http://localhost:5173	200
23.05.2025	18.34.52	6c577a61-d1e7-4266-83d7-a7bd162c53fe	GET	/	http://localhost:5173	200
23.05.2025	18.34.53	bf61937c-ab79-469c-b7dd-efefacc80189	GET	/	http://localhost:5173	200
23.05.2025	18.35.38	3e393335-9a6a-4bef-99b9-6a78031c15b1	GET	/	http://localhost:5173	200
23.05.2025	18.35.38	b09c6dd9-5c81-44b2-bce9-dc7962f13ce3	GET	/	http://localhost:5173	200
23.05.2025	18.35.38	57776454-9e2b-43b9-8d85-9235e3a75bc3	GET	/	http://localhost:5173	200
23.05.2025	18.35.39	0cb58f4b-e73d-420e-9d8e-9b9a430ee628	GET	/	http://localhost:5173	200
23.05.2025	18.35.45	345d12e2-9be3-4dbe-99b3-5c3f32224249	GET	/	http://localhost:5173	200
23.05.2025	18.35.45	2a50ccb6-36df-4b90-8d6c-8f024997be92	GET	/	http://localhost:5173	200
23.05.2025	18.35.46	b2735774-3f35-4d53-9884-fe8095ba9d38	GET	/	http://localhost:5173	200
23.05.2025	18.35.46	362d523d-771f-4384-ba38-0fe01e49a451	GET	/	http://localhost:5173	200
23.05.2025	18.36.47	9c454f84-f4cd-46db-916b-c8f51345e16f	GET	/	http://localhost:5173	200
23.05.2025	18.37.01	5bcdc99f-d942-4768-9de4-f88ba88f47cd	GET	/	http://localhost:5173	200
23.05.2025	18.37.01	38b8ec78-db69-4b4e-b7fa-61ebb74844a0	GET	/	http://localhost:5173	200
23.05.2025	18.37.01	f1fabfac-bc3b-45b4-bd4d-f98a8f1eba91	GET	/	http://localhost:5173	200
23.05.2025	18.37.01	6f3154c6-3e08-4db7-9dae-e7e03875705a	GET	/	http://localhost:5173	200
23.05.2025	18.37.57	8026d603-a60d-4271-a082-387914c51f80	GET	/	http://localhost:5173	200
23.05.2025	18.37.58	c4b990d6-1a4d-465a-a59a-0ba2379ebc91	GET	/	http://localhost:5173	200
23.05.2025	18.37.58	00312d31-711e-4ba5-87f0-85e13cdaa5ce	GET	/	http://localhost:5173	200
23.05.2025	18.37.58	2bb4556d-46a3-4361-8128-30b9d8395409	GET	/	http://localhost:5173	200
23.05.2025	18.38.17	381524df-96b6-44d4-92ce-e9a42a781322	POST	/profile-image	http://localhost:5173	200
23.05.2025	18.38.17	a0cab7d8-0d89-45d5-bf3e-5f9316cc8981	GET	/	http://localhost:5173	200
23.05.2025	18.38.17	a4587dd2-8681-437c-9889-f7de10275600	GET	/profile-1748014696503-0c6b7d8fd36a167e9aa48cf82e2cf968.jpg	undefined	200
23.05.2025	18.38.22	c9fa2b22-423c-48a1-80a0-90f9673661e9	GET	/profile-1748014696503-0c6b7d8fd36a167e9aa48cf82e2cf968.jpg	undefined	200
23.05.2025	18.38.32	5ce06997-85a0-42cc-a420-1368833169d6	GET	/profile-1748014696503-0c6b7d8fd36a167e9aa48cf82e2cf968.jpg	undefined	200
23.05.2025	18.38.56	d79a10ac-41c5-4da8-bd39-e63c03ef63d1	GET	/profile-1748014696503-0c6b7d8fd36a167e9aa48cf82e2cf968.jpg	undefined	200
23.05.2025	18.39.01	48344cb7-70ac-40cb-95ec-88f77c57f22d	POST	/logout	http://localhost:5173	200
23.05.2025	18.39.20	2bccef57-c436-4d23-a453-6c472284412e	POST	/login	http://localhost:5173	200
23.05.2025	18.39.21	6be55234-c088-406b-8698-f9f0308a79f1	GET	/	http://localhost:5173	200
23.05.2025	18.39.23	b634481d-6a86-4501-96cd-c7731766a2d4	GET	/profile-1748014696503-0c6b7d8fd36a167e9aa48cf82e2cf968.jpg	undefined	200
23.05.2025	18.40.43	7b490e9b-1fc8-45e8-b89d-ce57b801efef	GET	/profile-1748014696503-0c6b7d8fd36a167e9aa48cf82e2cf968.jpg	undefined	200
23.05.2025	18.40.46	dad69180-7acf-4185-aee9-4cfb86ee2b26	GET	/profile-1748014696503-0c6b7d8fd36a167e9aa48cf82e2cf968.jpg	undefined	200
23.05.2025	18.40.59	b8488e44-e6ae-407e-b64b-92f1bda211a1	GET	/profile-1748014696503-0c6b7d8fd36a167e9aa48cf82e2cf968.jpg	undefined	200
23.05.2025	18.41.13	8d898ed8-0893-458d-a7c2-45b55ccbca82	GET	/profile-1748014696503-0c6b7d8fd36a167e9aa48cf82e2cf968.jpg?t=1748014873342	undefined	200
23.05.2025	18.41.16	03123203-8865-4caf-90c3-021050467c2e	GET	/profile-1748014696503-0c6b7d8fd36a167e9aa48cf82e2cf968.jpg?t=1748014876520	undefined	200
23.05.2025	18.41.17	93b824cd-98d3-4584-9153-b6f59d4d90cb	GET	/profile-1748014696503-0c6b7d8fd36a167e9aa48cf82e2cf968.jpg?t=1748014877023	undefined	200
23.05.2025	18.41.33	bd67a009-479e-4758-8cde-0fab384b581e	GET	/profile-1748014696503-0c6b7d8fd36a167e9aa48cf82e2cf968.jpg	undefined	200
23.05.2025	18.41.39	95cf16d0-9f5b-47d6-a205-ef139dff3701	GET	/profile-1748014696503-0c6b7d8fd36a167e9aa48cf82e2cf968.jpg	undefined	200
23.05.2025	18.41.59	f11517c4-1d38-45b0-8b3d-300062f00385	GET	/profile-1748014696503-0c6b7d8fd36a167e9aa48cf82e2cf968.jpg	undefined	200
23.05.2025	18.42.11	bc4f6f35-b1a4-45bf-9366-2b9250533453	GET	/profile-1748014696503-0c6b7d8fd36a167e9aa48cf82e2cf968.jpg	undefined	200
23.05.2025	18.42.23	b3dddb77-9855-4f8f-a368-43d70a7b92ab	GET	/profile-1748014696503-0c6b7d8fd36a167e9aa48cf82e2cf968.jpg	undefined	200
23.05.2025	18.42.26	e3f88c2c-3c83-49d0-b066-8dc1c27617cb	POST	/logout	http://localhost:5173	200
23.05.2025	18.42.40	afedc20d-c357-4279-8342-aa446bf5e3b6	POST	/login	http://localhost:5173	200
23.05.2025	18.42.41	4234a1e3-999f-4483-863d-a38e677d5e98	GET	/	http://localhost:5173	200
23.05.2025	18.42.42	bf5b2e1a-b77c-438e-ac1e-603b80572d9e	GET	/profile-1748014696503-0c6b7d8fd36a167e9aa48cf82e2cf968.jpg	undefined	200
23.05.2025	18.43.07	a15a0f2e-273b-42b4-be70-dcefc8959627	GET	/profile-1748014696503-0c6b7d8fd36a167e9aa48cf82e2cf968.jpg	undefined	200
23.05.2025	18.43.45	7b5bbcee-0614-4db0-a672-d2f0b16af4d5	DELETE	/profile-image	http://localhost:5173	200
23.05.2025	18.43.46	5cbc0d88-2bc4-4656-9c43-efb1c1418e63	GET	/	http://localhost:5173	200
23.05.2025	18.43.51	180cbf5c-d7ff-4710-b32c-77499bd065f9	POST	/profile-image	http://localhost:5173	200
23.05.2025	18.43.51	fa4106e7-53f5-4747-8436-a011da3474cc	GET	/	http://localhost:5173	200
23.05.2025	18.43.51	eeb54df9-75c1-4fd8-a024-53b597b1cae3	GET	/profile-1748015030749-9bc3bd7895ecc55c8b5db3809d44fb18.jpg	undefined	200
23.05.2025	18.43.54	5743511a-7241-49ce-8e45-7948fe4ce66d	GET	/profile-1748015030749-9bc3bd7895ecc55c8b5db3809d44fb18.jpg	undefined	200
23.05.2025	18.44.23	32acdca2-709f-4ad9-a386-8338108b682a	GET	/profile-1748015030749-9bc3bd7895ecc55c8b5db3809d44fb18.jpg	undefined	200
23.05.2025	18.44.26	eb12cd53-8b4e-4e79-badb-af2f167fa0ed	GET	/profile-1748015030749-9bc3bd7895ecc55c8b5db3809d44fb18.jpg	undefined	200
23.05.2025	18.46.19	95e3f8d0-f4ea-43d6-ba82-058afe3d74aa	GET	/profile-1748015030749-9bc3bd7895ecc55c8b5db3809d44fb18.jpg	undefined	200
23.05.2025	18.46.25	72a5c3f7-98bc-450b-81cb-02912a97eefb	DELETE	/profile-image	http://localhost:5173	200
23.05.2025	18.46.25	2388de1b-07e4-4798-8ca3-b599490f01b3	GET	/	http://localhost:5173	200
23.05.2025	18.46.34	098427d7-5a63-41de-bf20-d41617b97ab4	POST	/profile-image	http://localhost:5173	200
23.05.2025	18.46.34	ffc4bb43-2743-454b-be21-fbc170e92b2f	GET	/	http://localhost:5173	200
23.05.2025	18.46.34	018f3b54-584c-4eae-add2-0128fe08dd66	GET	/profile-1748015194154-0c6b7d8fd36a167e9aa48cf82e2cf968.jpg	undefined	200
23.05.2025	18.46.43	33f9ea60-b169-4747-aa8f-48b1651c196c	GET	/image/profile-1748015194154-0c6b7d8fd36a167e9aa48cf82e2cf968.jpg	undefined	200
23.05.2025	18.49.08	4db4a071-521d-4f64-814e-e6216db4717d	PUT	/update-profile	http://localhost:5173	200
23.05.2025	18.55.44	61bb72da-3f56-4b58-88c8-95e62ea0e72c	PUT	/update-profile	http://localhost:5173	200
23.05.2025	18.57.16	6c52ce10-f390-47a2-a853-7547d4cb7c74	GET	/	http://localhost:5173	200
23.05.2025	19.14.37	1ebe6084-e1fa-401e-9703-96c81b568423	POST	/login	http://localhost:5173	200
23.05.2025	19.14.37	bed43b17-b22b-4de1-82e0-5766e1619109	GET	/	http://localhost:5173	200
23.05.2025	19.15.01	342ca46a-6732-426d-a331-e4a2a7268d54	POST	/portfolio	http://localhost:5173	200
23.05.2025	19.15.01	50da680f-bc5d-41c8-a5af-9181e6e3916c	GET	/	http://localhost:5173	200
23.05.2025	19.15.06	d72e677f-6421-4b38-8c1f-1fe04e2c7248	GET	/1748016901173-blogAPI.pdf	undefined	200
23.05.2025	19.15.11	fbf4f828-9a30-44fc-a395-18337864d984	DELETE	/portfolio/1748016901173-blogAPI.pdf	http://localhost:5173	200
23.05.2025	19.15.11	976d3693-63b8-4704-b105-afb4cb1c1f3a	GET	/	http://localhost:5173	200
23.05.2025	19.15.17	0e9dd11e-683d-4d48-a144-fcef57b6451f	PUT	/update-profile	http://localhost:5173	200
23.05.2025	19.16.32	8fa79672-c18d-429b-b79c-3a214d7567f6	POST	/logout	http://localhost:5173	200
23.05.2025	19.29.55	29c4dfee-3052-4319-b761-2e41e797e5df	POST	/login	http://localhost:5173	200
23.05.2025	19.29.55	cff980d7-c684-47d4-a0b3-29f2ae7a1ccd	GET	/	http://localhost:5173	200
23.05.2025	19.35.08	733c499e-90a5-4d95-85f5-c4094535c5ed	POST	/logout	http://localhost:5173	200
23.05.2025	19.35.14	0f87ae62-fedb-47d5-8ff2-2e22bf7c371d	POST	/login	http://localhost:5173	200
23.05.2025	19.35.15	8ac162e6-8d53-4be8-aa96-793ad74c468a	GET	/	http://localhost:5173	200
23.05.2025	19.35.15	50208a89-89ae-4e0e-a0d7-fe9bf55bb788	GET	/	http://localhost:5173	200
23.05.2025	19.35.15	179b2221-3392-4e99-8810-a0d941b8a252	GET	/	http://localhost:5173	200
23.05.2025	19.35.18	4d749b00-5837-4fd4-8bfc-f0444d23bff2	GET	/	http://localhost:5173	200
23.05.2025	19.35.18	73648ba9-3cc9-4f4d-a5e3-5a157a162cc2	GET	/	http://localhost:5173	200
23.05.2025	19.35.21	b7bc02cb-3042-45ec-ba90-be16c5709a49	GET	/	http://localhost:5173	200
23.05.2025	19.35.22	3ed2f1cf-ad83-4d7c-ac78-dce8adbf9651	GET	/	http://localhost:5173	200
23.05.2025	19.35.22	a26d5ca5-e6ae-422a-b7bb-7d240412a179	GET	/	http://localhost:5173	200
23.05.2025	19.35.22	8a82b339-4355-4322-b96f-ba72042d33f9	GET	/	http://localhost:5173	200
23.05.2025	19.35.33	7d5d53ff-63c5-4045-9628-8aab6cdcce2e	GET	/	http://localhost:5173	200
23.05.2025	19.35.33	b08808f1-0e96-4079-8815-9e55563d5088	GET	/	http://localhost:5173	200
23.05.2025	19.35.36	53d63b7c-a793-4b8e-a6b4-973dbe424901	GET	/	http://localhost:5173	200
23.05.2025	19.35.36	70f5ac69-fa85-4c0c-8943-cf90a9647925	GET	/	http://localhost:5173	200
23.05.2025	19.35.38	8c6d931f-6565-4b32-a178-9e9829185c1c	GET	/	http://localhost:5173	200
23.05.2025	19.35.38	d9df624b-aea7-4e17-892d-587bf0ab407c	GET	/	http://localhost:5173	200
23.05.2025	19.35.44	dc91be0d-75b3-4cc5-bdff-3da7e41deb72	GET	/	http://localhost:5173	200
23.05.2025	19.35.44	b616717c-f818-4f4a-b882-641f01be5937	GET	/	http://localhost:5173	200
23.05.2025	19.35.44	a17f9106-1117-47da-9d52-ba3cde768f48	GET	/	http://localhost:5173	200
23.05.2025	19.35.44	88c733b4-5cc9-4827-babc-ea0baed0327f	GET	/	http://localhost:5173	200
23.05.2025	19.35.50	d732bb5d-87af-43b3-86ea-0a5b0571a0c5	GET	/	http://localhost:5173	200
23.05.2025	19.35.50	e9309bc9-c42d-4bb1-bec1-374464533c32	GET	/	http://localhost:5173	200
23.05.2025	19.35.50	b3ae55df-819f-4d58-ba0e-fe1719691ce4	GET	/	http://localhost:5173	200
23.05.2025	19.35.50	3dc4dbcb-e3ff-4966-b473-77b5274e7a7d	GET	/	http://localhost:5173	200
23.05.2025	19.35.54	826c561c-96f3-48b4-8ef5-9baa1edb827a	POST	/logout	http://localhost:5173	200
23.05.2025	19.36.00	4ef58206-fc06-4e8c-b090-cb3d8aa8478e	POST	/login	http://localhost:5173	200
23.05.2025	19.36.01	10da190e-909c-4452-b154-7ae3acd58bc7	GET	/	http://localhost:5173	200
23.05.2025	19.38.18	07790ab3-211e-429a-833b-c51490ddfa6f	GET	/	http://localhost:5173	200
23.05.2025	19.38.19	3a13c7de-b27e-48cf-b011-868bf40f4dab	GET	/	http://localhost:5173	200
23.05.2025	19.42.36	601e0f33-b371-4051-b267-a56c5a2e2d17	GET	/completed	http://localhost:5173	200
23.05.2025	19.44.04	4f9ca4aa-fc36-4483-abcb-8de01d1a6f17	GET	/68235fa1308d77c372385607	http://localhost:5173	200
23.05.2025	19.49.14	bcfc54d2-caf3-4a06-bb75-80f872d1f279	GET	/680a58929e56bd345dce8a62	http://localhost:5173	200
23.05.2025	19.55.50	4b9daebb-ab72-469a-ba02-897b9787a6d0	GET	/	http://localhost:5173	200
23.05.2025	19.55.50	35de1744-5f48-433b-8542-4037f0919715	GET	/	http://localhost:5173	200
23.05.2025	19.56.36	0e5a7fc8-81fd-4018-be11-2346aea34673	POST	/login	http://localhost:5173	200
23.05.2025	19.56.37	6bd59521-784c-467e-832c-03c0ef3a9119	GET	/	http://localhost:5173	200
23.05.2025	19.57.46	344294fe-f716-4566-8606-25345690e8ad	GET	/	http://localhost:5173	200
23.05.2025	19.57.47	79fb40bb-d89f-4d1c-a21f-a72bcae6ee0e	GET	/	http://localhost:5173	200
23.05.2025	19.57.48	9644022e-42a1-4b88-8dd0-8fbe4a1cf7c1	GET	/	http://localhost:5173	200
23.05.2025	19.57.59	a492c4d6-a81a-4180-bca1-306677a7e67a	POST	/login	http://localhost:5173	200
23.05.2025	19.57.59	b60e8cbf-23c4-4d6a-90e5-f246027d5d9b	GET	/	http://localhost:5173	200
23.05.2025	19.58.00	ec2f597b-b841-484f-a01b-1c276d3321ba	GET	/	http://localhost:5173	200
23.05.2025	19.58.02	16241bb8-b9ad-4e8e-af28-1746e2e127a6	GET	/	http://localhost:5173	200
23.05.2025	19.58.02	7cae7c2e-3b22-40db-8ec7-5cd68dc3f0fd	GET	/	http://localhost:5173	200
23.05.2025	19.58.09	b2bcdf9f-e34b-4141-b502-e6910683550d	GET	/open-projects-with-bids	http://localhost:5173	200
23.05.2025	19.58.11	6eae072c-bf65-48c5-ab98-42c15f2bfbca	GET	/67f39e6a4cfe789de10bbb32	http://localhost:5173	200
23.05.2025	19.58.19	e54ae177-f395-4b24-8d62-e3da542b18ae	GET	/67f3a8f69dac7f772c3f6974	http://localhost:5173	200
23.05.2025	19.58.37	28cb57bd-9716-4c9b-9196-7904f1b784ec	GET	/	http://localhost:5173	200
23.05.2025	19.58.37	1bd7b2f3-2f7b-4aed-bf4f-6db39b782c23	GET	/	http://localhost:5173	200
23.05.2025	19.58.38	69bb0782-c4f4-4f5b-8f23-fcbc02c2662f	GET	/	http://localhost:5173	200
23.05.2025	19.58.39	41c7fe1a-cf1d-4361-9033-37543cac7bb9	GET	/	http://localhost:5173	200
23.05.2025	19.58.54	5dfd2485-3fe1-49d6-95e9-64567c908197	GET	/	http://localhost:5173	200
23.05.2025	19.58.54	6af620bc-6fae-40f0-8d2b-2133e0e497bc	GET	/	http://localhost:5173	200
23.05.2025	19.58.55	842fa9cf-61e1-4642-a14a-acf2d16265b4	GET	/	http://localhost:5173	200
23.05.2025	19.58.56	041143d3-f0fc-408b-bbf6-f8519286835a	GET	/	http://localhost:5173	200
23.05.2025	19.59.01	5796e86a-85c0-4e06-acb0-8f98e635b1c2	GET	/67f3a8f69dac7f772c3f6974	http://localhost:5173	200
23.05.2025	20.00.39	aa72dc41-a99f-4972-85c6-e3f93dd8dd95	GET	/	http://localhost:5173	200
23.05.2025	20.00.40	61ee6490-01c8-46f8-8ff1-e29fe9f1c9fc	GET	/	http://localhost:5173	200
23.05.2025	20.04.08	c4acd41b-c047-418a-baa8-194f9fd0d91b	GET	/67f3aa939dac7f772c3f699f	http://localhost:5173	200
23.05.2025	20.05.45	da473db5-7c79-4658-b683-bc0ea0e90ea0	GET	/	http://localhost:5173	200
23.05.2025	20.05.46	bc96b27e-192f-40f1-ab6a-7124dbed8d4c	GET	/	http://localhost:5173	200
23.05.2025	20.05.50	eb9741b0-812f-4f45-bf73-783c05f355ee	POST	/login	http://localhost:5173	200
23.05.2025	20.05.59	bfc7cec1-c369-4a0a-8538-720477d8d125	GET	/my-projects	http://localhost:5173	200
23.05.2025	20.06.22	ca2c0d19-f5e8-44ed-bd83-53c021d19de5	POST	/logout	http://localhost:5173	200
23.05.2025	20.06.30	ac738f48-43b3-4534-b16d-58116eac7650	POST	/login	http://localhost:5173	200
23.05.2025	20.06.30	ca6b4d2f-7e58-403e-b53f-6932f98397f3	GET	/	http://localhost:5173	200
23.05.2025	20.06.31	4779459d-f174-4587-a55a-a82340d860b5	GET	/	http://localhost:5173	200
23.05.2025	20.06.31	50e0ecc5-7bba-4d44-890c-969839ccc91b	GET	/	http://localhost:5173	200
23.05.2025	20.06.33	fb4ab906-d896-4034-8726-5303d14cd72d	GET	/	http://localhost:5173	200
23.05.2025	20.06.33	7c1356cc-962f-44d7-a667-19f1f040b3bf	GET	/	http://localhost:5173	200
23.05.2025	20.11.06	8e2be678-4482-426a-9965-4202a8b95164	GET	/	http://localhost:5173	200
23.05.2025	20.11.06	79648684-edf2-4211-9549-ca88ce7f2a5c	GET	/	http://localhost:5173	200
27.05.2025	12.48.53	00f35240-64ab-4257-9e8a-5e32783acdeb	POST	/login	http://localhost:5173	200
27.05.2025	12.48.54	a9110a7b-b03d-4121-a3f5-0c6537ad5898	GET	/	http://localhost:5173	200
27.05.2025	12.48.54	9e5719d7-a0cc-4bee-b2d2-4121e5f6700b	GET	/	http://localhost:5173	200
27.05.2025	12.51.07	8a609732-b561-452b-97ca-221ff2909c40	POST	/login	undefined	200
27.05.2025	13.00.27	3f722cb8-3066-4538-85a3-a7aa0e54b1b0	GET	/project/680a58929e56bd345dce8a62	http://localhost:5173	200
27.05.2025	13.14.39	b7c115f7-f60f-4947-9b15-b1e6295084af	GET	/project/67f3a8f69dac7f772c3f6974	http://localhost:5173	200
27.05.2025	13.21.36	2030346c-b89c-438c-8492-b859888f32e3	POST	/login	http://localhost:5173	200
27.05.2025	13.21.36	8cb54225-27c8-4a75-b0d8-7b80336c6fb3	GET	/	http://localhost:5173	200
27.05.2025	13.22.18	6ae96ef6-ec87-4ea3-a404-6e8afe928040	GET	/680a58929e56bd345dce8a62	http://localhost:5173	200
27.05.2025	13.22.24	f3cda2e3-b887-4764-9433-f9644e126d32	GET	/project/680a58929e56bd345dce8a62	http://localhost:5173	200
27.05.2025	13.40.23	9929b9f8-e46c-4611-ae45-f9431e054b5b	GET	/680f82525bbb3eb7e692862f	http://localhost:5173	200
27.05.2025	13.40.26	6099c320-72d8-4e38-b4d5-7e9bcc579504	GET	/project/680f82525bbb3eb7e692862f	http://localhost:5173	200
27.05.2025	13.48.38	c35cfea0-7770-41f7-9073-822aefbcaf91	GET	/project/68235fa1308d77c372385607	http://localhost:5173	200
27.05.2025	13.49.55	dc26e05a-cbc4-4f0b-993b-a3f771e7250d	GET	/project/67f39e6a4cfe789de10bbb32	http://localhost:5173	200
27.05.2025	13.51.50	ea4046e0-6273-40be-9c81-9f418989ef8f	POST	/login	http://localhost:5173	200
27.05.2025	13.51.50	7afd7990-e53b-4585-aaaf-3ab376d61172	GET	/	http://localhost:5173	200
27.05.2025	13.51.50	410bcd55-9542-40be-8687-da9cd52c1247	GET	/	http://localhost:5173	200
27.05.2025	13.51.50	6d00276b-e9c4-4750-8572-1f85f43a08c3	GET	/	http://localhost:5173	200
27.05.2025	13.51.58	b1b172e4-9d41-46a8-b234-2f64a85c66d0	GET	/	http://localhost:5173	200
27.05.2025	13.51.58	cd6ebdd8-b29f-4014-b70d-b9698befa95b	GET	/	http://localhost:5173	200
27.05.2025	13.52.05	5220a85f-a14f-4f39-8024-49059df7feeb	PUT	/6830a960a84e1a5c41468972/read	http://localhost:5173	200
27.05.2025	13.52.05	7c79238d-3091-4931-8c0e-b4a542addeae	PUT	/6830a960a84e1a5c41468972/read	http://localhost:5173	200
27.05.2025	13.52.09	ed5d83a8-1f5b-4e25-8cb7-aa3a99f3c3b8	GET	/	http://localhost:5173	200
27.05.2025	13.52.09	5862bfda-d141-40ca-8e2d-fd5d1b708b77	GET	/	http://localhost:5173	200
27.05.2025	13.52.09	f177a58e-a532-4dc6-8364-894f6a572fc0	GET	/	http://localhost:5173	200
27.05.2025	13.52.13	6ef48df4-a79c-4fae-b82e-43b31e3c1c81	GET	/	http://localhost:5173	200
27.05.2025	13.52.14	4774f48e-0a97-4299-a0d2-7ad0f9c203ce	GET	/	http://localhost:5173	200
27.05.2025	13.52.49	15a90e31-114d-4d45-baea-7c0cd29bab31	GET	/	http://localhost:5173	200
27.05.2025	13.52.50	5ec31d16-3032-47a5-ab11-2e4a8b5acd9b	GET	/	http://localhost:5173	200
27.05.2025	14.08.18	44d581c1-4e22-40b9-87db-3d9e149a9791	GET	/	http://localhost:5173	200
27.05.2025	14.08.19	23ba27b6-6b0f-4167-a7c3-d2bc257e4f97	GET	/	http://localhost:5173	200
27.05.2025	14.08.20	5c2d4913-754e-462f-8f2c-9bc8ed93a9b6	POST	/logout	http://localhost:5173	200
27.05.2025	14.08.33	0ff05b0f-9ad7-4818-8018-b6585ba9e34c	POST	/login	http://localhost:5173	200
27.05.2025	14.08.33	baa961be-b7ff-4595-8e22-cbec66f63e73	GET	/	http://localhost:5173	200
27.05.2025	14.08.33	26a28478-0f41-43d8-aa85-ca92ac07cd75	GET	/	http://localhost:5173	200
27.05.2025	14.09.02	b6b61899-7e6d-46df-b269-38c60102348a	PUT	/680f55584c7a87a7b45b1204/accept	http://localhost:5173	200
27.05.2025	14.09.03	77df3707-b67e-41ab-886a-53affa47dcc7	GET	/project/680a58929e56bd345dce8a62	http://localhost:5173	200
27.05.2025	14.09.03	f33adda3-eb25-4b79-affc-fcecb98e6ce1	GET	/680a58929e56bd345dce8a62	http://localhost:5173	200
27.05.2025	14.09.51	fab6880b-8e44-4686-8355-c9ca8a8ce4d8	PUT	/680f55bdc03ff3649330d174/accept	http://localhost:5173	200
27.05.2025	14.09.51	cdf763ca-b4f7-486a-ad8d-a6efdfb3c42d	GET	/project/680a58929e56bd345dce8a62	http://localhost:5173	200
27.05.2025	14.09.52	a3ac79cd-00e5-40ef-aedf-5b5a0d1861b8	GET	/680a58929e56bd345dce8a62	http://localhost:5173	200
27.05.2025	16.36.31	c5c149c4-8ab2-4ac3-9bd1-9666f1fd5065	POST	/login	http://localhost:5173	200
27.05.2025	16.36.31	96fd05eb-7cc0-4b12-be66-3038485b36f0	GET	/	http://localhost:5173	200
27.05.2025	16.36.35	90f192e6-39b9-4ef5-ba7f-a85a82bb714b	GET	/my-projects	http://localhost:5173	200
27.05.2025	16.36.44	043a08ff-2c81-46e4-b189-e74ec790becf	GET	/680a58929e56bd345dce8a62	http://localhost:5173	200
27.05.2025	16.36.49	e8973d92-aa86-4447-b18d-d5ade9d8b842	GET	/project/680a58929e56bd345dce8a62	http://localhost:5173	200
27.05.2025	16.42.40	9d41c93e-f794-4d08-ac47-a350c0c64f5a	GET	/680f83a63171b3fb582586dd	http://localhost:5173	200
27.05.2025	16.42.43	f535ee84-5ae3-4f6d-a5d1-88c5e7b2eb64	GET	/project/680f83a63171b3fb582586dd	http://localhost:5173	200
27.05.2025	16.51.55	6e02dfcb-e159-4c0a-9a24-da2151893d8d	GET	/project/680f83a63171b3fb582586dd	http://localhost:5173	200
27.05.2025	16.52.03	15e36165-2d34-4b56-8cd8-da489d6b32bb	PUT	/680f83b83171b3fb582586e5/accept	http://localhost:5173	200
27.05.2025	16.52.03	b95fb37f-c412-4165-a77e-e64a07d0fa67	GET	/project/680f83a63171b3fb582586dd	http://localhost:5173	200
27.05.2025	16.52.03	39b61bf9-cc13-4e98-82eb-927a77bb6ec2	GET	/680f83a63171b3fb582586dd	http://localhost:5173	200
27.05.2025	16.52.54	c2f5dff1-a4a6-4d17-867e-82ccb6b98078	GET	/my-projects	http://localhost:5173	200
27.05.2025	16.53.44	b41a3fed-0f04-4f60-9ea2-fdd2ab267e56	POST	/login	undefined	200
27.05.2025	16.54.17	87baffb0-bab4-4f4c-b413-84db059580fa	POST	/login	http://localhost:5173	200
27.05.2025	16.54.18	b839e6fd-caee-49c0-8114-610da0eab785	GET	/	http://localhost:5173	200
27.05.2025	16.54.18	abf40be5-182a-416d-a70a-e019be14ab17	GET	/	http://localhost:5173	200
27.05.2025	16.54.18	133cb24e-5671-4497-9a3e-a3be98d7da5f	GET	/	http://localhost:5173	200
27.05.2025	16.54.59	1bb9b9e4-e854-47e8-be58-8caeb5abdb4b	POST	/	undefined	201
27.05.2025	16.55.08	739f8e28-b023-41f2-b298-108ea5d35db4	GET	/680f82525bbb3eb7e692862f	http://localhost:5173	200
27.05.2025	16.55.11	b026b6f2-c4c6-4d32-8532-ade8e91badc0	GET	/project/680f82525bbb3eb7e692862f	http://localhost:5173	200
27.05.2025	16.55.23	7d6483bc-8d29-4544-af41-4a92e72f4f99	PUT	/6835c432dde19ee5ce215168/accept	http://localhost:5173	200
27.05.2025	16.55.24	4860eeab-966c-4f4e-a32d-3842ae28d75e	GET	/project/680f82525bbb3eb7e692862f	http://localhost:5173	200
27.05.2025	16.55.24	17b3ac72-8aa5-4f4d-bf13-1bef4a0055f2	GET	/680f82525bbb3eb7e692862f	http://localhost:5173	200
27.05.2025	16.59.20	006b6182-c2a4-4450-8790-fd2fb00d5fdb	GET	/my-projects	http://localhost:5173	200
27.05.2025	16.59.34	4185830f-4e01-4e09-9c31-1da81a49e08b	GET	/6800ee26d3dcfcda7a4d79ac	http://localhost:5173	200
27.05.2025	16.59.37	7630f183-6ed6-41e7-b896-e18170962c56	GET	/project/6800ee26d3dcfcda7a4d79ac	http://localhost:5173	200
27.05.2025	16.59.51	aae683bd-0d85-4b32-bc0e-09c8832126f6	GET	/68121a700d1c5fb7e36e69d3	http://localhost:5173	200
27.05.2025	16.59.54	9f0debbb-1a08-4f6a-9707-2347662a41a7	GET	/project/68121a700d1c5fb7e36e69d3	http://localhost:5173	200
27.05.2025	17.05.37	908bfbf6-3deb-4c2d-bc4b-68910990b524	PUT	/68123616d5d637548cdd32b2/reject	http://localhost:5173	200
27.05.2025	17.05.37	6c352b46-95b4-4e25-ab79-68201ee80085	GET	/project/68121a700d1c5fb7e36e69d3	http://localhost:5173	200
27.05.2025	17.06.01	7264c2fb-fc8a-4d9c-a27e-8432a3c64f10	POST	/logout	http://localhost:5173	200
27.05.2025	17.06.09	dcf23058-2e37-4033-8073-f833f519325b	POST	/login	http://localhost:5173	200
27.05.2025	17.06.09	030ae367-6724-4945-9329-69996e9452ed	GET	/	http://localhost:5173	200
27.05.2025	17.06.09	0cb95057-5ff0-4a65-b258-12742c5cb131	GET	/	http://localhost:5173	200
27.05.2025	17.06.09	c734164b-116c-4be3-a3f8-0f737f69e818	GET	/	http://localhost:5173	200
27.05.2025	17.06.16	557bc11f-c447-44f9-8b17-aaa6c3892ef6	DELETE	/68359d7ef2524a1ef918234e	http://localhost:5173	200
27.05.2025	17.06.21	b0574e0e-7277-49b6-a523-5e42efb4fdd3	PUT	/6835c44bdde19ee5ce21517c/read	http://localhost:5173	200
27.05.2025	17.06.21	dd06b052-05f7-423e-aa22-e137eb4ac25e	PUT	/6835c44bdde19ee5ce21517c/read	http://localhost:5173	200
27.05.2025	17.06.26	c3e91783-77bf-42a6-89f2-be7ae688a40e	GET	/	http://localhost:5173	200
27.05.2025	17.06.26	ec86580e-34b7-4c20-a639-57677743c4c0	GET	/	http://localhost:5173	200
27.05.2025	17.06.31	b262e213-ed51-487e-8d9b-5daf73bb7ef5	DELETE	/portfolio/1743877830751-PatolojiPdf%20(4).pdf	http://localhost:5173	200
27.05.2025	17.06.31	4aa09dcb-5e0c-4273-b1f0-4a1aaae8ca38	GET	/	http://localhost:5173	200
27.05.2025	17.06.34	0b215c0d-88f9-48fe-8cf0-f9c239fd66a8	DELETE	/portfolio/1743792127896-blogAPI.pdf	http://localhost:5173	200
27.05.2025	17.06.34	73c092f6-f573-4361-a646-f0a4a7fabd26	GET	/	http://localhost:5173	200
27.05.2025	17.06.40	d8843918-f555-4fed-8858-212b14af6d0a	GET	/	http://localhost:5173	200
27.05.2025	17.06.43	4053f366-b87e-4b2b-836c-4877efe56f50	GET	/open-projects-with-bids	http://localhost:5173	200
27.05.2025	17.07.27	7f792a34-d3bb-4e1b-8bf7-fe095dd1d665	POST	/logout	http://localhost:5173	200
27.05.2025	17.07.33	7db7b95c-d7a3-4e36-ba7f-133296a2b820	POST	/login	http://localhost:5173	200
27.05.2025	17.07.33	9050adff-3964-4de3-82bb-2a6ca3536d8e	GET	/	http://localhost:5173	200
27.05.2025	17.07.34	ec241d55-e4dc-4eb6-baa1-20a2e46e18e6	GET	/	http://localhost:5173	200
27.05.2025	17.07.56	0af3cf06-844d-4feb-b0bd-203ed92d7bf9	GET	/my-projects	http://localhost:5173	200
27.05.2025	17.07.57	88b0ba2d-a434-470d-9942-fadbed363ffd	GET	/my-projects	http://localhost:5173	200
27.05.2025	17.07.57	987b3946-d054-42c0-b73a-157c45197359	GET	/my-projects	http://localhost:5173	200
27.05.2025	17.07.58	21001670-1a8c-4982-8734-1cdad7878e79	GET	/my-projects	http://localhost:5173	200
27.05.2025	17.07.58	2caea671-fdfe-4809-a175-c3d4f2fb4cde	GET	/my-projects	http://localhost:5173	200
27.05.2025	17.07.58	b1eabbee-b7db-4b3e-b3e0-b7f2965535c3	GET	/my-projects	http://localhost:5173	200
27.05.2025	17.07.58	9885dbf8-d1ef-4bb5-bd78-839601f1ec82	GET	/completed	http://localhost:5173	200
27.05.2025	17.07.58	4d665892-4be6-4d0b-8bc4-a1280d9a64e2	GET	/completed	http://localhost:5173	200
27.05.2025	17.07.58	13df1603-dd73-4bbf-aeb5-1f46a7c42ad6	GET	/completed	http://localhost:5173	200
27.05.2025	17.07.58	1aa8d092-7d22-4892-971d-22d1172fd7ed	GET	/completed	http://localhost:5173	200
27.05.2025	17.07.59	7d0801bf-627c-462b-b824-33f6bca81bc0	GET	/completed	http://localhost:5173	200
27.05.2025	17.08.00	3ec72e29-033c-42b2-8a0b-571e16b772c7	GET	/completed	http://localhost:5173	200
27.05.2025	17.11.29	4762db78-2a29-4f7d-afc6-f2872fce0da5	GET	/my-projects	http://localhost:5173	200
27.05.2025	17.15.43	e10ed199-b786-4efb-99fc-67151ed53f99	POST	/	http://localhost:5173	201
27.05.2025	17.15.44	9b4f6640-376e-40c5-a151-d1f655120223	GET	/my-projects	http://localhost:5173	200
27.05.2025	17.18.47	31122e30-5cb7-4aba-9515-3e7d77e7e6bc	GET	/image/profile-1748015194154-0c6b7d8fd36a167e9aa48cf82e2cf968.jpg	undefined	200
27.05.2025	17.19.02	c8bc7dec-fcd1-4e79-a4a4-c6b425fa28f1	GET	/6835c90f8a92654ef577d5da	http://localhost:5173	200
27.05.2025	17.19.14	fde31c97-6750-4d78-ada9-ecb28752c3f8	GET	/project/6835c90f8a92654ef577d5da	http://localhost:5173	200
27.05.2025	17.24.55	cb816d5d-63af-40b4-a133-69fe69a14198	GET	/68235fa1308d77c372385607	http://localhost:5173	200
27.05.2025	17.26.00	48231445-36eb-4e7b-806e-3fad69fcfd8c	POST	/	http://localhost:5173	201
27.05.2025	17.26.02	bfa339d6-7602-4c31-960a-1f9a74dd9b73	GET	/my-projects	http://localhost:5173	200
27.05.2025	17.26.08	190b430e-8572-46db-bcd6-b983599e6c20	GET	/6835cb77853317a33a94471c	http://localhost:5173	200
27.05.2025	17.59.06	4f33cca2-e4dd-454b-87c5-970ca82e3ac7	POST	/login	http://localhost:5173	200
27.05.2025	17.59.06	4706ab08-1ed5-46de-bd33-243635c63ae4	GET	/	http://localhost:5173	200
27.05.2025	18.02.10	ecac1c04-e835-4fa5-aa5d-0bec4356be89	POST	/logout	http://localhost:5173	200
27.05.2025	18.02.23	ba5dd03d-52cd-4ff0-9713-59e7eb539950	POST	/login	http://localhost:5173	200
27.05.2025	18.02.24	a35b3e56-f03a-4478-9dd5-b10937ea5649	GET	/	http://localhost:5173	200
27.05.2025	18.02.24	c56c7f59-5767-47fb-8447-06ff3de10dfb	GET	/	http://localhost:5173	200
27.05.2025	18.02.24	11af475c-8bdb-4646-899b-e167d71f0a91	GET	/	http://localhost:5173	200
27.05.2025	18.02.29	da4bf46d-bdbe-47a6-8706-ac5eccc46ad9	GET	/	http://localhost:5173	200
27.05.2025	18.02.29	95dba633-8a7a-4d21-bd90-9b962476b2ae	GET	/	http://localhost:5173	200
27.05.2025	18.02.33	34cb2ae9-c0ce-439a-aaad-5f3a17194c75	GET	/open-projects-with-bids	http://localhost:5173	200
27.05.2025	18.02.35	e28f2aaf-a697-417e-8131-27d6973bbe2e	GET	/	http://localhost:5173	200
27.05.2025	18.02.35	a7043067-38a8-4d91-9408-447f8921e605	GET	/	http://localhost:5173	200
27.05.2025	18.02.38	691f8924-0cb9-4126-8ed7-0c86076bf81e	GET	/	http://localhost:5173	200
27.05.2025	18.02.38	5cacb8f3-ae1a-486b-984c-5d9af12c3ab2	GET	/	http://localhost:5173	200
27.05.2025	18.20.01	a470aea4-b476-45d7-8e93-5ba629c2b94b	GET	/	http://localhost:5173	200
27.05.2025	18.20.02	aba99ed3-43d1-4de6-a60c-ff32c8de717a	GET	/	http://localhost:5173	200
27.05.2025	18.20.03	51b4f22e-6109-4cb4-b43d-fca709aef3b0	POST	/logout	http://localhost:5173	200
27.05.2025	18.20.09	7f0ff6ee-72ac-45ba-b702-b2871ac47e87	POST	/login	http://localhost:5173	200
27.05.2025	18.20.09	7b38c30d-e73e-480f-bb45-71926d20bbd0	GET	/	http://localhost:5173	200
27.05.2025	18.20.10	67d4af6d-67d4-45ef-9139-1baf930570fd	GET	/	http://localhost:5173	200
27.05.2025	18.20.54	055cf42b-c289-4b6a-a854-c77cde499cf3	POST	/projects/68235fa1308d77c372385607/reviews	http://localhost:5173	201
27.05.2025	18.21.31	fe770b59-fdf8-48a2-9836-1e64010dc467	POST	/logout	http://localhost:5173	200
27.05.2025	18.21.38	a92f6ad8-4ca8-40a3-a9c3-490e0cec66d0	POST	/login	http://localhost:5173	200
27.05.2025	18.21.39	1b4c3daf-590b-4819-b10a-5152171bfc50	GET	/	http://localhost:5173	200
27.05.2025	18.21.39	e32471e8-b9f9-41af-b26e-8061476e3ffe	GET	/	http://localhost:5173	200
27.05.2025	18.21.39	34c9e735-9f9f-4622-8df3-dbf7a0201d55	GET	/	http://localhost:5173	200
27.05.2025	18.21.43	a803b438-ed42-449f-bd52-cb3e80b371c3	GET	/	http://localhost:5173	200
27.05.2025	18.21.43	d7728b4d-a9fb-44b6-995c-4fb85b556319	GET	/	http://localhost:5173	200
27.05.2025	18.22.06	da2109cd-abc9-4841-9f11-fd9e1c3645c7	GET	/	http://localhost:5173	200
27.05.2025	18.22.07	d64e5fe4-acef-4a04-bb0a-a3da892511c7	GET	/	http://localhost:5173	200
27.05.2025	18.26.44	9122f88f-f78a-43ad-9e78-f9d7c3d6a8c6	GET	/	http://localhost:5173	200
27.05.2025	18.26.45	81338b4e-2a76-4587-bfb0-cc77ebf49bb1	GET	/	http://localhost:5173	200
27.05.2025	18.26.53	cc9a9fdd-33c9-48f0-93bf-8902f74be5eb	GET	/	http://localhost:5173	200
27.05.2025	18.26.53	c99d4515-e3e8-4ccc-abfc-8f00ff231d5c	GET	/	http://localhost:5173	200
27.05.2025	18.26.55	f7874ce3-4426-4000-9e6c-4c00d765fe32	POST	/logout	http://localhost:5173	200
27.05.2025	18.45.23	c481bb7b-0e46-4b1e-9321-b2001c4296a2	POST	/login	http://localhost:5173	200
27.05.2025	18.45.23	4b5bad68-0a4f-464f-a305-262e710d7ca1	GET	/	http://localhost:5173	200
27.05.2025	18.45.24	61960982-d64a-4ebf-8ac0-4b78d7cc60df	GET	/	http://localhost:5173	200
27.05.2025	18.45.37	8bea3916-6fcf-4651-97aa-8759c3fb5110	GET	/67f39e6a4cfe789de10bbb32	http://localhost:5173	200
27.05.2025	18.45.46	08c46f0b-844b-4aca-aaee-54f537c93c53	POST	/projects/67f39e6a4cfe789de10bbb32/reviews	http://localhost:5173	201
27.05.2025	18.45.51	6cddc59d-ae95-41b2-ad5f-fd0e374d6297	GET	/reviews/my-reviews	http://localhost:5173	200
27.05.2025	18.45.52	7a5e1bfc-47f8-4eb6-9625-c157d1939e76	GET	/reviews/my-reviews	http://localhost:5173	200
27.05.2025	18.46.13	35896776-1578-49d7-8fd8-328472db4325	GET	/67f3a8f69dac7f772c3f6974	http://localhost:5173	200
27.05.2025	18.46.23	1819ab3c-36f7-43c1-9500-fb947466bd9e	POST	/projects/67f3a8f69dac7f772c3f6974/reviews	http://localhost:5173	201
27.05.2025	18.47.03	6d6f7dc9-48d1-489f-bff0-48c700f63f49	GET	/reviews/my-reviews	http://localhost:5173	200
27.05.2025	18.47.04	31f74b34-9a4e-4480-b2f4-0569cb682d8a	GET	/reviews/my-reviews	http://localhost:5173	200
27.05.2025	18.47.13	cb909a03-fee2-4ca9-8720-ca167ced379d	GET	/reviews/my-reviews	http://localhost:5173	200
27.05.2025	18.47.13	42b7b93b-d528-47c0-8882-bd27687a1457	GET	/reviews/my-reviews	http://localhost:5173	200
27.05.2025	18.47.51	ac7bbbf4-7668-4527-8371-9cc491274b5d	GET	/reviews/my-reviews	http://localhost:5173	200
27.05.2025	18.47.52	87805ca1-ac21-4c2f-99a1-ba320b686359	GET	/reviews/my-reviews	http://localhost:5173	200
27.05.2025	18.47.58	234510db-c48b-47b8-97f7-6dc0d05906c8	GET	/reviews/my-reviews	http://localhost:5173	200
27.05.2025	18.47.59	4b0cd297-3db8-4dc3-829b-139db2cacdc7	GET	/reviews/my-reviews	http://localhost:5173	200
27.05.2025	18.48.12	09402784-76f9-41a3-bb3a-65785ebeed16	GET	/reviews/my-reviews	http://localhost:5173	200
27.05.2025	18.48.13	960e1ca4-9984-413a-af98-7a075e070413	GET	/reviews/my-reviews	http://localhost:5173	200
27.05.2025	18.48.18	2188f1e1-630e-4d0b-b96a-aad3e4111ea1	GET	/6835cb77853317a33a94471c	http://localhost:5173	200
27.05.2025	18.48.23	b721812c-ce51-48d3-b1bb-96404661434a	GET	/reviews/my-reviews	http://localhost:5173	200
27.05.2025	18.48.23	a7e4d8ae-414d-44fe-8191-5be597cdadb9	GET	/reviews/my-reviews	http://localhost:5173	200
27.05.2025	18.48.32	3657af91-7b5a-4dc5-8180-6d62940a40c7	GET	/680a58929e56bd345dce8a62	http://localhost:5173	200
27.05.2025	18.48.56	fce3295b-596b-40f5-be7b-acb592b12015	GET	/6800ee26d3dcfcda7a4d79ac	http://localhost:5173	200
27.05.2025	18.49.16	e378bdc6-58d9-46c6-8f1f-484bd265ec1b	GET	/reviews/my-reviews	http://localhost:5173	200
27.05.2025	18.49.16	308ca157-824f-4872-98df-a4a044116eb3	GET	/reviews/my-reviews	http://localhost:5173	200
27.05.2025	18.49.33	3943bc20-9049-4535-8e84-41424d90825f	POST	/logout	http://localhost:5173	200
27.05.2025	18.49.39	3a1d0c7f-39c9-465f-9fd6-7ece3d7e323d	POST	/login	http://localhost:5173	200
27.05.2025	18.49.40	705e1861-ec68-4fe7-9ca6-5e3625634391	GET	/	http://localhost:5173	200
27.05.2025	18.49.40	ee78b778-0253-4139-8827-64d8f8438a48	GET	/	http://localhost:5173	200
27.05.2025	18.49.40	43981671-e456-434e-b151-e2fea6b154b1	GET	/	http://localhost:5173	200
27.05.2025	18.49.42	eb2cd06f-2c1d-489a-b511-4dba1f97c3fa	GET	/	http://localhost:5173	200
27.05.2025	18.49.42	bd32ab7c-51e9-4932-b6b8-a830a5e7dda0	GET	/	http://localhost:5173	200
27.05.2025	18.49.51	3c5a3925-73f8-4042-9754-cf9b7b4e464b	POST	/profile-image	http://localhost:5173	200
27.05.2025	18.49.51	5b74f535-14c9-4924-8605-8b34e78606e3	GET	/	http://localhost:5173	200
27.05.2025	18.49.51	945a1d2a-aadf-4027-a1ba-9c73c5aa0d52	GET	/image/profile-1748360991153-pngtree-highquality-stock-image-of-an-arafed-tractor-in-a-lush-field-image_16081806.jpg	undefined	200
27.05.2025	18.50.02	fa014be1-2e8e-4e81-acca-1d2dd975c328	POST	/logout	http://localhost:5173	200
27.05.2025	18.50.12	f5fede41-0052-4516-bfab-8f5f1cb56992	POST	/login	http://localhost:5173	200
27.05.2025	18.50.12	f23c0987-0512-47cd-a55e-1fb3cf2f9da0	GET	/	http://localhost:5173	200
27.05.2025	18.50.12	819e1b64-5379-4d99-a120-f5809f93e4f5	GET	/	http://localhost:5173	200
27.05.2025	18.50.14	98f028b6-a561-4f25-90c6-cbe6175ee31f	GET	/completed	http://localhost:5173	200
27.05.2025	18.50.18	42fcb619-1133-420d-9f96-286519b684e3	GET	/profile-1748360991153-pngtree-highquality-stock-image-of-an-arafed-tractor-in-a-lush-field-image_16081806.jpg	undefined	200
27.05.2025	18.50.31	bee141fc-34e2-4a67-82c7-38a2cd4f3308	GET	/reviews/my-reviews	http://localhost:5173	200
27.05.2025	18.50.45	cbcdba26-04e1-4473-9dbd-81ee77a23753	GET	/67f3aa939dac7f772c3f699f	http://localhost:5173	200
27.05.2025	19.05.50	6538d6ec-8fc0-4fe4-8ff0-a33a93e13793	GET	/67f39e6a4cfe789de10bbb32	http://localhost:5173	200
27.05.2025	19.06.18	f6adeb1c-4712-4888-96ef-f124bdf56e62	GET	/680f83a63171b3fb582586dd	http://localhost:5173	200
27.05.2025	19.06.36	53dec915-fffa-47b9-a5e3-b25fb360c412	GET	/6800ee26d3dcfcda7a4d79ac	http://localhost:5173	200
27.05.2025	19.06.44	14ba21f6-b266-4069-a079-0dbcd4c1ccd8	GET	/67f3a8f69dac7f772c3f6974	http://localhost:5173	200
27.05.2025	19.06.49	21dca521-cdda-4540-bae6-c6258c79c1bd	GET	/68235fa1308d77c372385607	http://localhost:5173	200
27.05.2025	19.07.21	6c9b86fc-9d6e-403e-99c8-c5d82c1f96c4	POST	/logout	http://localhost:5173	200
27.05.2025	19.07.29	1198e31e-f7ff-4534-9457-b9dc6f4c4472	POST	/login	http://localhost:5173	200
27.05.2025	19.07.29	4679c6c9-86ef-48d7-bc2c-e4d288c80b75	GET	/	http://localhost:5173	200
27.05.2025	19.07.29	326a4220-8989-4898-b013-4a1c81aaf37c	GET	/	http://localhost:5173	200
27.05.2025	19.07.49	7c408a64-86af-48e9-b111-b50ea437b771	POST	/logout	http://localhost:5173	200
27.05.2025	19.07.57	44891db8-93d9-44a8-9889-6d537a7bc17b	POST	/login	http://localhost:5173	200
27.05.2025	19.07.57	e352ef84-d02e-45cc-a18e-4ea281a2a67b	GET	/	http://localhost:5173	200
27.05.2025	19.07.57	ee8baf9f-085c-4fe8-9561-4b1c997769b1	GET	/	http://localhost:5173	200
27.05.2025	19.07.59	270658e0-359e-4755-8838-1fd417ab0939	GET	/completed	http://localhost:5173	200
27.05.2025	19.12.16	0b0169ea-b3ed-4385-a268-f2b8a40860f6	POST	/login	http://localhost:5173	200
27.05.2025	19.12.17	4b84ce47-5f10-40fa-b7e4-59c68930b70f	GET	/	http://localhost:5173	200
27.05.2025	19.12.18	a1c57e40-75d6-40ba-90aa-8b7f317efe58	GET	/completed	http://localhost:5173	200
27.05.2025	19.12.20	06a9a771-e17d-4573-b8f7-3e9a10d0c803	GET	/my-projects	http://localhost:5173	200
27.05.2025	19.13.04	82a3b293-9411-44a8-8917-88befc0d3501	POST	/logout	http://localhost:5173	200
27.05.2025	19.13.10	af36dd65-606d-4930-ad8d-2a3eb2cb5d65	POST	/login	http://localhost:5173	200
27.05.2025	19.13.10	6db5af5f-5b3d-4392-a0ab-7d16b50e9957	GET	/	http://localhost:5173	200
27.05.2025	19.13.11	38dd28b9-8731-4e13-ae5f-d1a1b212a8c4	GET	/	http://localhost:5173	200
27.05.2025	19.15.01	bd2a458d-2e8a-4d42-a37d-88798afeecdb	POST	/logout	http://localhost:5173	200
27.05.2025	19.15.08	9be6e1fe-7df4-4386-bcd3-78d3e216b828	POST	/login	http://localhost:5173	200
27.05.2025	19.15.08	ef208208-5211-4ac1-8ddd-391345887251	GET	/	http://localhost:5173	200
27.05.2025	19.15.08	d08cb287-09af-4e3b-bbcd-acf283bae4db	GET	/	http://localhost:5173	200
27.05.2025	19.15.30	720f8496-c3da-4d81-8e3a-82422794d197	GET	/67f39e6a4cfe789de10bbb32	http://localhost:5173	200
27.05.2025	19.23.21	c8aea1ce-0840-4656-8535-0597d22782a8	GET	/freelancers/67ebde50245c82a9558686a2/reviews	http://localhost:5173	200
27.05.2025	19.29.46	7e962e59-302a-4c7a-9c0d-66d132b21838	POST	/logout	http://localhost:5173	200
27.05.2025	19.29.51	d31bbc87-1501-47e6-9aba-16e13a0c964f	POST	/login	http://localhost:5173	200
27.05.2025	19.29.52	99f3f5ed-4d7e-4533-9782-e521ea0f240f	GET	/	http://localhost:5173	200
27.05.2025	19.33.06	337d8be9-480f-4d84-831d-31413907c5f5	PUT	/reviews/6835de4ee17ae7c23ff9f535	http://localhost:5173	200
27.05.2025	19.33.07	c9651803-25f9-4ee3-8495-f0f589e0b99e	GET	/reviews/my-reviews	http://localhost:5173	200
27.05.2025	19.33.54	4c9b677d-0d3c-437a-bbfa-e9ba30ffb484	POST	/logout	http://localhost:5173	200
27.05.2025	19.34.08	58109080-a2bb-4b87-8ae0-960e2eb057aa	POST	/login	http://localhost:5173	200
27.05.2025	19.34.08	4554dab6-a3d2-4319-9530-d740634dd931	GET	/	http://localhost:5173	200
27.05.2025	19.34.08	160a9498-1696-4959-bbc5-2cce083e3bef	GET	/	http://localhost:5173	200
27.05.2025	19.34.28	af801a6f-657d-4c44-9fa4-ef66039c1e95	POST	/logout	http://localhost:5173	200
27.05.2025	19.34.33	eb996c9e-ef21-43a0-9636-764bf425c078	POST	/login	http://localhost:5173	200
27.05.2025	19.34.34	5e6ac63c-dd25-4d3d-855c-3764b42174ab	GET	/	http://localhost:5173	200
27.05.2025	19.34.34	7aa99983-baf0-49e7-9619-414524559969	GET	/	http://localhost:5173	200
27.05.2025	19.37.53	a8fc6150-363f-4194-a4b5-25b57a450e7f	POST	/logout	http://localhost:5173	200
27.05.2025	19.39.07	a1b18b25-839f-434f-b64f-75de555f3636	POST	/login	http://localhost:5173	200
27.05.2025	19.39.07	071411b9-0f1f-4138-93c3-680d9f9257ca	GET	/	http://localhost:5173	200
27.05.2025	19.39.07	6a1b5786-bee0-42fd-bf12-11cd1f48f113	GET	/	http://localhost:5173	200
27.05.2025	19.39.07	276b8ac3-52e9-4c4b-8ff4-84e158f67dfc	GET	/	http://localhost:5173	200
27.05.2025	19.39.10	2d152ddd-e0b6-4c0b-ab7e-68066b74fc3f	GET	/	http://localhost:5173	200
27.05.2025	19.39.10	71d95955-21a7-467a-8757-b3e1cd378de7	GET	/	http://localhost:5173	200
27.05.2025	19.39.10	13d8a2d7-920d-44ec-ae0d-ee46eea10255	GET	/completed	http://localhost:5173	200
27.05.2025	19.39.10	93ed3f2c-f4ac-468b-b01d-236a07e51d7c	GET	/my-projects	http://localhost:5173	200
27.05.2025	19.39.19	a415b5b9-35f7-4b47-8a73-42770fda2301	POST	/profile-image	http://localhost:5173	200
27.05.2025	19.39.19	fd25d87a-5b26-4f2d-b195-e15958b323d7	GET	/	http://localhost:5173	200
27.05.2025	19.39.19	113fe3ee-18d2-45da-b9bb-4badc6be06f4	GET	/image/profile-1748363959284-40e97bb42a3da777b899ee016bf22163.jpg	undefined	200
27.05.2025	19.39.22	5b7bb774-5958-46b6-ab16-3baf28f48e0b	DELETE	/profile-image	http://localhost:5173	200
27.05.2025	19.39.22	8bc3f635-593e-48a1-8a91-81a8667700ac	GET	/	http://localhost:5173	200
27.05.2025	19.39.27	8cb49f54-5e80-4b67-b7ae-0802a360eca4	POST	/logout	http://localhost:5173	200
27.05.2025	19.39.37	2a05392e-db88-4435-bda1-2c4cf1870bbc	POST	/login	http://localhost:5173	200
27.05.2025	19.39.38	314e0386-766c-40bb-ab9a-d8e92b501d40	GET	/	http://localhost:5173	200
27.05.2025	19.39.38	ab917134-7520-4392-a89d-6dd1af2789a8	GET	/	http://localhost:5173	200
27.05.2025	19.39.40	5c1f0ab5-a95d-4aae-8329-e44c7682a581	GET	/completed	http://localhost:5173	200
27.05.2025	19.39.40	bacc0afe-a077-4959-8bab-2cdcce21a2fe	GET	/my-projects	http://localhost:5173	200
